<?xml version="1.0" encoding="UTF-8"?>
<testsuite name="com.example.springbootmicroservicewrapperwithtests.features.UsersUIFeatureTest" tests="1" skipped="0" failures="0" errors="0" timestamp="2018-03-24T18:24:33" hostname="Lukes-MacBook-Pro.local" time="3.857">
  <properties/>
  <testcase name="shouldAllowFullCrudFunctionalityForAUser" classname="com.example.springbootmicroservicewrapperwithtests.features.UsersUIFeatureTest" time="3.857"/>
  <system-out><![CDATA[2018-03-24 14:24:33.074  INFO 2875 --- [    Test worker] .b.t.c.SpringBootTestContextBootstrapper : Neither @ContextConfiguration nor @ContextHierarchy found for test class [com.example.springbootmicroservicewrapperwithtests.features.UsersUIFeatureTest], using SpringBootContextLoader
2018-03-24 14:24:33.075  INFO 2875 --- [    Test worker] o.s.t.c.support.AbstractContextLoader    : Could not detect default resource locations for test class [com.example.springbootmicroservicewrapperwithtests.features.UsersUIFeatureTest]: no resource found for suffixes {-context.xml, Context.groovy}.
2018-03-24 14:24:33.075  INFO 2875 --- [    Test worker] t.c.s.AnnotationConfigContextLoaderUtils : Could not detect default configuration classes for test class [com.example.springbootmicroservicewrapperwithtests.features.UsersUIFeatureTest]: UsersUIFeatureTest does not declare any static, non-private, non-final, nested classes annotated with @Configuration.
2018-03-24 14:24:33.081  INFO 2875 --- [    Test worker] .b.t.c.SpringBootTestContextBootstrapper : Found @SpringBootConfiguration com.example.springbootmicroservicewrapperwithtests.DemoApplication for test class com.example.springbootmicroservicewrapperwithtests.features.UsersUIFeatureTest
2018-03-24 14:24:33.084  INFO 2875 --- [    Test worker] .b.t.c.SpringBootTestContextBootstrapper : Loaded default TestExecutionListener class names from location [META-INF/spring.factories]: [org.springframework.boot.test.mock.mockito.MockitoTestExecutionListener, org.springframework.boot.test.mock.mockito.ResetMocksTestExecutionListener, org.springframework.boot.test.autoconfigure.restdocs.RestDocsTestExecutionListener, org.springframework.boot.test.autoconfigure.web.client.MockRestServiceServerResetTestExecutionListener, org.springframework.boot.test.autoconfigure.web.servlet.MockMvcPrintOnlyOnFailureTestExecutionListener, org.springframework.boot.test.autoconfigure.web.servlet.WebDriverTestExecutionListener, org.springframework.test.context.web.ServletTestExecutionListener, org.springframework.test.context.support.DirtiesContextBeforeModesTestExecutionListener, org.springframework.test.context.support.DependencyInjectionTestExecutionListener, org.springframework.test.context.support.DirtiesContextTestExecutionListener, org.springframework.test.context.transaction.TransactionalTestExecutionListener, org.springframework.test.context.jdbc.SqlScriptsTestExecutionListener]
2018-03-24 14:24:33.086  INFO 2875 --- [    Test worker] .b.t.c.SpringBootTestContextBootstrapper : Using TestExecutionListeners: [org.springframework.test.context.web.ServletTestExecutionListener@1888e9c6, org.springframework.test.context.support.DirtiesContextBeforeModesTestExecutionListener@1434fa69, org.springframework.boot.test.autoconfigure.SpringBootDependencyInjectionTestExecutionListener@7a6f6101, org.springframework.test.context.support.DirtiesContextTestExecutionListener@34761a50, org.springframework.test.context.transaction.TransactionalTestExecutionListener@6bef13c1, org.springframework.test.context.jdbc.SqlScriptsTestExecutionListener@58bb5b67, org.springframework.boot.test.mock.mockito.MockitoTestExecutionListener@59dd5e18, org.springframework.boot.test.mock.mockito.ResetMocksTestExecutionListener@5d7d6be9, org.springframework.boot.test.autoconfigure.restdocs.RestDocsTestExecutionListener@4e9f0a9c, org.springframework.boot.test.autoconfigure.web.client.MockRestServiceServerResetTestExecutionListener@4c7d104b, org.springframework.boot.test.autoconfigure.web.servlet.MockMvcPrintOnlyOnFailureTestExecutionListener@7fe3aa42, org.springframework.boot.test.autoconfigure.web.servlet.WebDriverTestExecutionListener@4977b474]
2018-03-24 14:24:33.462  INFO 2875 --- [    Test worker] i.g.bonigarcia.wdm.WebDriverManager      : Reading https://chromedriver.storage.googleapis.com/ to seek [chromedriver]
2018-03-24 14:24:33.739  INFO 2875 --- [    Test worker] i.g.bonigarcia.wdm.WebDriverManager      : Latest version of [chromedriver] is 2.37
2018-03-24 14:24:33.760  INFO 2875 --- [    Test worker] i.g.bonigarcia.wdm.WebDriverManager      : Exporting webdriver.chrome.driver as /Users/lukemcdonald/.m2/repository/webdriver/chromedriver/mac64/2.37/chromedriver
2018-03-24 14:24:34.746  INFO 2875 --- [ null to remote] o.o.selenium.remote.ProtocolHandshake    : Detected dialect: OSS
2018-03-24 14:24:34.857  WARN 2875 --- [    Test worker] c.c.selenide.webdriver.WebDriverFactory  : Cannot maximize ChromeDriver: java.awt.HeadlessException
2018-03-24 14:24:34.858  INFO 2875 --- [    Test worker] c.c.selenide.webdriver.WebDriverFactory  : BrowserName=chrome Version=65.0.3325.181 Platform=MAC
2018-03-24 14:24:34.859  INFO 2875 --- [    Test worker] c.c.selenide.webdriver.WebDriverFactory  : Selenide v. 4.10.01
2018-03-24 14:24:34.860  INFO 2875 --- [    Test worker] c.c.selenide.webdriver.WebDriverFactory  : Selenium WebDriver v. 3.9.1 build time: 2018-02-07T22:25:02.294Z
2018-03-24 14:24:34.860  INFO 2875 --- [    Test worker] c.c.s.i.WebDriverThreadLocalContainer    : Create webdriver in current thread 10: ChromeDriver -> ChromeDriver: chrome on MAC (bb9d875efa137cbe584ab8bd805cd839)
]]></system-out>
  <system-err><![CDATA[Starting ChromeDriver 2.37.543654 (a46b62e9900f5ac48951f8ad68d9e03eded4cc8d) on port 40607
Only local connections are allowed.
]]></system-err>
</testsuite>
