<?xml version="1.0" encoding="UTF-8"?>
<testsuite name="com.example.springbootmicroservicewrapperwithtests.features.UsersUIFeatureTest" tests="1" skipped="0" failures="0" errors="0" timestamp="2018-03-26T03:35:51" hostname="Lukes-MacBook-Pro.local" time="4.72">
  <properties/>
  <testcase name="shouldAllowFullCrudFunctionalityForAUser" classname="com.example.springbootmicroservicewrapperwithtests.features.UsersUIFeatureTest" time="4.72"/>
  <system-out><![CDATA[2018-03-25 23:35:51.464  INFO 30518 --- [    Test worker] .b.t.c.SpringBootTestContextBootstrapper : Neither @ContextConfiguration nor @ContextHierarchy found for test class [com.example.springbootmicroservicewrapperwithtests.features.UsersUIFeatureTest], using SpringBootContextLoader
2018-03-25 23:35:51.464  INFO 30518 --- [    Test worker] o.s.t.c.support.AbstractContextLoader    : Could not detect default resource locations for test class [com.example.springbootmicroservicewrapperwithtests.features.UsersUIFeatureTest]: no resource found for suffixes {-context.xml, Context.groovy}.
2018-03-25 23:35:51.465  INFO 30518 --- [    Test worker] t.c.s.AnnotationConfigContextLoaderUtils : Could not detect default configuration classes for test class [com.example.springbootmicroservicewrapperwithtests.features.UsersUIFeatureTest]: UsersUIFeatureTest does not declare any static, non-private, non-final, nested classes annotated with @Configuration.
2018-03-25 23:35:51.470  INFO 30518 --- [    Test worker] .b.t.c.SpringBootTestContextBootstrapper : Found @SpringBootConfiguration com.example.springbootmicroservicewrapperwithtests.DemoApplication for test class com.example.springbootmicroservicewrapperwithtests.features.UsersUIFeatureTest
2018-03-25 23:35:51.478  INFO 30518 --- [    Test worker] .b.t.c.SpringBootTestContextBootstrapper : Loaded default TestExecutionListener class names from location [META-INF/spring.factories]: [org.springframework.boot.test.mock.mockito.MockitoTestExecutionListener, org.springframework.boot.test.mock.mockito.ResetMocksTestExecutionListener, org.springframework.boot.test.autoconfigure.restdocs.RestDocsTestExecutionListener, org.springframework.boot.test.autoconfigure.web.client.MockRestServiceServerResetTestExecutionListener, org.springframework.boot.test.autoconfigure.web.servlet.MockMvcPrintOnlyOnFailureTestExecutionListener, org.springframework.boot.test.autoconfigure.web.servlet.WebDriverTestExecutionListener, org.springframework.test.context.web.ServletTestExecutionListener, org.springframework.test.context.support.DirtiesContextBeforeModesTestExecutionListener, org.springframework.test.context.support.DependencyInjectionTestExecutionListener, org.springframework.test.context.support.DirtiesContextTestExecutionListener, org.springframework.test.context.transaction.TransactionalTestExecutionListener, org.springframework.test.context.jdbc.SqlScriptsTestExecutionListener]
2018-03-25 23:35:51.481  INFO 30518 --- [    Test worker] .b.t.c.SpringBootTestContextBootstrapper : Using TestExecutionListeners: [org.springframework.test.context.web.ServletTestExecutionListener@66e27d68, org.springframework.test.context.support.DirtiesContextBeforeModesTestExecutionListener@344742be, org.springframework.boot.test.autoconfigure.SpringBootDependencyInjectionTestExecutionListener@1c4fa0be, org.springframework.test.context.support.DirtiesContextTestExecutionListener@46af1aa8, org.springframework.test.context.transaction.TransactionalTestExecutionListener@33532628, org.springframework.test.context.jdbc.SqlScriptsTestExecutionListener@3d8fd04e, org.springframework.boot.test.mock.mockito.MockitoTestExecutionListener@5c24cd11, org.springframework.boot.test.mock.mockito.ResetMocksTestExecutionListener@6260f667, org.springframework.boot.test.autoconfigure.restdocs.RestDocsTestExecutionListener@4828ee65, org.springframework.boot.test.autoconfigure.web.client.MockRestServiceServerResetTestExecutionListener@b665a8e, org.springframework.boot.test.autoconfigure.web.servlet.MockMvcPrintOnlyOnFailureTestExecutionListener@71d042b6, org.springframework.boot.test.autoconfigure.web.servlet.WebDriverTestExecutionListener@14e65125]
2018-03-25 23:35:52.310  INFO 30518 --- [    Test worker] i.g.bonigarcia.wdm.WebDriverManager      : Reading https://chromedriver.storage.googleapis.com/ to seek [chromedriver]
2018-03-25 23:35:52.680  INFO 30518 --- [    Test worker] i.g.bonigarcia.wdm.WebDriverManager      : Latest version of [chromedriver] is 2.37
2018-03-25 23:35:52.706  INFO 30518 --- [    Test worker] i.g.bonigarcia.wdm.WebDriverManager      : Exporting webdriver.chrome.driver as /Users/lukemcdonald/.m2/repository/webdriver/chromedriver/mac64/2.37/chromedriver
2018-03-25 23:35:53.916  INFO 30518 --- [ null to remote] o.o.selenium.remote.ProtocolHandshake    : Detected dialect: OSS
2018-03-25 23:35:54.012  WARN 30518 --- [    Test worker] c.c.selenide.webdriver.WebDriverFactory  : Cannot maximize ChromeDriver: java.awt.HeadlessException
2018-03-25 23:35:54.013  INFO 30518 --- [    Test worker] c.c.selenide.webdriver.WebDriverFactory  : BrowserName=chrome Version=65.0.3325.181 Platform=MAC
2018-03-25 23:35:54.013  INFO 30518 --- [    Test worker] c.c.selenide.webdriver.WebDriverFactory  : Selenide v. 4.10.01
2018-03-25 23:35:54.015  INFO 30518 --- [    Test worker] c.c.selenide.webdriver.WebDriverFactory  : Selenium WebDriver v. 3.9.1 build time: 2018-02-07T22:25:02.294Z
2018-03-25 23:35:54.015  INFO 30518 --- [    Test worker] c.c.s.i.WebDriverThreadLocalContainer    : Create webdriver in current thread 10: ChromeDriver -> ChromeDriver: chrome on MAC (babcc5fbe3517f0c5b14981a80ca2a01)
]]></system-out>
  <system-err><![CDATA[Starting ChromeDriver 2.37.543654 (a46b62e9900f5ac48951f8ad68d9e03eded4cc8d) on port 16396
Only local connections are allowed.
]]></system-err>
</testsuite>
